2025-02-02T19:33:59.380-08:00  INFO 35931 --- [receipt-processor] [restartedMain] c.r.ReceiptProcessorApplication          : Starting ReceiptProcessorApplication using Java 21.0.3 with PID 35931 (/Users/mayankchoudhary/Desktop/receipt-processor/target/classes started by mayankchoudhary in /Users/mayankchoudhary/Desktop/receipt-processor)
2025-02-02T19:33:59.381-08:00 DEBUG 35931 --- [receipt-processor] [restartedMain] c.r.ReceiptProcessorApplication          : Running with Spring Boot v3.4.2, Spring v6.2.2
2025-02-02T19:33:59.382-08:00  INFO 35931 --- [receipt-processor] [restartedMain] c.r.ReceiptProcessorApplication          : No active profile set, falling back to 1 default profile: "default"
2025-02-02T19:33:59.708-08:00  INFO 35931 --- [receipt-processor] [restartedMain] o.s.b.w.embedded.tomcat.TomcatWebServer  : Tomcat initialized with port 8080 (http)
2025-02-02T19:33:59.711-08:00  INFO 35931 --- [receipt-processor] [restartedMain] o.apache.catalina.core.StandardService   : Starting service [Tomcat]
2025-02-02T19:33:59.711-08:00  INFO 35931 --- [receipt-processor] [restartedMain] o.apache.catalina.core.StandardEngine    : Starting Servlet engine: [Apache Tomcat/10.1.34]
2025-02-02T19:33:59.721-08:00  INFO 35931 --- [receipt-processor] [restartedMain] o.a.c.c.C.[Tomcat].[localhost].[/]       : Initializing Spring embedded WebApplicationContext
2025-02-02T19:33:59.721-08:00  INFO 35931 --- [receipt-processor] [restartedMain] w.s.c.ServletWebServerApplicationContext : Root WebApplicationContext: initialization completed in 326 ms
2025-02-02T19:33:59.840-08:00  INFO 35931 --- [receipt-processor] [restartedMain] o.s.b.d.a.OptionalLiveReloadServer       : LiveReload server is running on port 35729
2025-02-02T19:33:59.854-08:00  INFO 35931 --- [receipt-processor] [restartedMain] o.s.b.w.embedded.tomcat.TomcatWebServer  : Tomcat started on port 8080 (http) with context path '/'
2025-02-02T19:33:59.863-08:00  INFO 35931 --- [receipt-processor] [restartedMain] c.r.ReceiptProcessorApplication          : Started ReceiptProcessorApplication in 0.679 seconds (process running for 30.916)
2025-02-02T19:33:59.871-08:00  INFO 35931 --- [receipt-processor] [restartedMain] .ConditionEvaluationDeltaLoggingListener : Condition evaluation unchanged
2025-02-02T19:34:15.391-08:00  INFO 35931 --- [receipt-processor] [http-nio-8080-exec-2] o.a.c.c.C.[Tomcat].[localhost].[/]       : Initializing Spring DispatcherServlet 'dispatcherServlet'
2025-02-02T19:34:15.394-08:00  INFO 35931 --- [receipt-processor] [http-nio-8080-exec-2] o.s.web.servlet.DispatcherServlet        : Initializing Servlet 'dispatcherServlet'
2025-02-02T19:34:15.395-08:00  INFO 35931 --- [receipt-processor] [http-nio-8080-exec-2] o.s.web.servlet.DispatcherServlet        : Completed initialization in 1 ms
2025-02-02T19:35:35.290-08:00  INFO 35931 --- [receipt-processor] [File Watcher] rtingClassPathChangeChangedEventListener : Restarting due to 2 class path changes (0 additions, 0 deletions, 2 modifications)
2025-02-02T19:35:35.306-08:00  INFO 35931 --- [receipt-processor] [Thread-7] o.s.b.w.e.tomcat.GracefulShutdown        : Commencing graceful shutdown. Waiting for active requests to complete
2025-02-02T19:35:35.318-08:00  INFO 35931 --- [receipt-processor] [tomcat-shutdown] o.s.b.w.e.tomcat.GracefulShutdown        : Graceful shutdown complete
2025-02-02T19:35:35.721-08:00  INFO 35931 --- [receipt-processor] [restartedMain] c.r.ReceiptProcessorApplication          : Starting ReceiptProcessorApplication using Java 21.0.3 with PID 35931 (/Users/mayankchoudhary/Desktop/receipt-processor/target/classes started by mayankchoudhary in /Users/mayankchoudhary/Desktop/receipt-processor)
2025-02-02T19:35:35.723-08:00 DEBUG 35931 --- [receipt-processor] [restartedMain] c.r.ReceiptProcessorApplication          : Running with Spring Boot v3.4.2, Spring v6.2.2
2025-02-02T19:35:35.724-08:00  INFO 35931 --- [receipt-processor] [restartedMain] c.r.ReceiptProcessorApplication          : No active profile set, falling back to 1 default profile: "default"
2025-02-02T19:35:36.028-08:00  INFO 35931 --- [receipt-processor] [restartedMain] o.s.b.w.embedded.tomcat.TomcatWebServer  : Tomcat initialized with port 8080 (http)
2025-02-02T19:35:36.032-08:00  INFO 35931 --- [receipt-processor] [restartedMain] o.apache.catalina.core.StandardService   : Starting service [Tomcat]
2025-02-02T19:35:36.033-08:00  INFO 35931 --- [receipt-processor] [restartedMain] o.apache.catalina.core.StandardEngine    : Starting Servlet engine: [Apache Tomcat/10.1.34]
2025-02-02T19:35:36.046-08:00  INFO 35931 --- [receipt-processor] [restartedMain] o.a.c.c.C.[Tomcat].[localhost].[/]       : Initializing Spring embedded WebApplicationContext
2025-02-02T19:35:36.047-08:00  INFO 35931 --- [receipt-processor] [restartedMain] w.s.c.ServletWebServerApplicationContext : Root WebApplicationContext: initialization completed in 307 ms
2025-02-02T19:35:36.162-08:00  INFO 35931 --- [receipt-processor] [restartedMain] o.s.b.d.a.OptionalLiveReloadServer       : LiveReload server is running on port 35729
2025-02-02T19:35:36.173-08:00  INFO 35931 --- [receipt-processor] [restartedMain] o.s.b.w.embedded.tomcat.TomcatWebServer  : Tomcat started on port 8080 (http) with context path '/'
2025-02-02T19:35:36.178-08:00  INFO 35931 --- [receipt-processor] [restartedMain] c.r.ReceiptProcessorApplication          : Started ReceiptProcessorApplication in 0.665 seconds (process running for 127.23)
2025-02-02T19:35:36.180-08:00  INFO 35931 --- [receipt-processor] [restartedMain] .ConditionEvaluationDeltaLoggingListener : Condition evaluation unchanged
2025-02-02T19:37:00.926-08:00  INFO 35931 --- [receipt-processor] [RMI TCP Connection(16)-127.0.0.1] inMXBeanRegistrar$SpringApplicationAdmin : Application shutdown requested.
2025-02-02T19:37:00.931-08:00  INFO 35931 --- [receipt-processor] [RMI TCP Connection(16)-127.0.0.1] o.s.b.w.e.tomcat.GracefulShutdown        : Commencing graceful shutdown. Waiting for active requests to complete
2025-02-02T19:37:00.937-08:00  INFO 35931 --- [receipt-processor] [tomcat-shutdown] o.s.b.w.e.tomcat.GracefulShutdown        : Graceful shutdown complete
2025-02-02T19:37:38.904-08:00  INFO 36012 --- [receipt-processor] [restartedMain] c.r.ReceiptProcessorApplication          : Starting ReceiptProcessorApplication using Java 21.0.3 with PID 36012 (/Users/mayankchoudhary/Desktop/receipt-processor/target/classes started by mayankchoudhary in /Users/mayankchoudhary/Desktop/receipt-processor)
2025-02-02T19:37:38.906-08:00 DEBUG 36012 --- [receipt-processor] [restartedMain] c.r.ReceiptProcessorApplication          : Running with Spring Boot v3.4.2, Spring v6.2.2
2025-02-02T19:37:38.906-08:00  INFO 36012 --- [receipt-processor] [restartedMain] c.r.ReceiptProcessorApplication          : No active profile set, falling back to 1 default profile: "default"
2025-02-02T19:37:38.978-08:00  INFO 36012 --- [receipt-processor] [restartedMain] .e.DevToolsPropertyDefaultsPostProcessor : Devtools property defaults active! Set 'spring.devtools.add-properties' to 'false' to disable
2025-02-02T19:37:38.978-08:00  INFO 36012 --- [receipt-processor] [restartedMain] .e.DevToolsPropertyDefaultsPostProcessor : For additional web related logging consider setting the 'logging.level.web' property to 'DEBUG'
2025-02-02T19:37:40.111-08:00  INFO 36012 --- [receipt-processor] [restartedMain] o.s.b.w.embedded.tomcat.TomcatWebServer  : Tomcat initialized with port 8080 (http)
2025-02-02T19:37:40.151-08:00  INFO 36012 --- [receipt-processor] [restartedMain] o.apache.catalina.core.StandardService   : Starting service [Tomcat]
2025-02-02T19:37:40.152-08:00  INFO 36012 --- [receipt-processor] [restartedMain] o.apache.catalina.core.StandardEngine    : Starting Servlet engine: [Apache Tomcat/10.1.34]
2025-02-02T19:37:40.191-08:00  INFO 36012 --- [receipt-processor] [restartedMain] o.a.c.c.C.[Tomcat].[localhost].[/]       : Initializing Spring embedded WebApplicationContext
2025-02-02T19:37:40.192-08:00  INFO 36012 --- [receipt-processor] [restartedMain] w.s.c.ServletWebServerApplicationContext : Root WebApplicationContext: initialization completed in 1212 ms
2025-02-02T19:37:40.639-08:00  INFO 36012 --- [receipt-processor] [restartedMain] o.s.b.d.a.OptionalLiveReloadServer       : LiveReload server is running on port 35729
2025-02-02T19:37:40.666-08:00  INFO 36012 --- [receipt-processor] [restartedMain] o.s.b.w.embedded.tomcat.TomcatWebServer  : Tomcat started on port 8080 (http) with context path '/'
2025-02-02T19:37:40.678-08:00  INFO 36012 --- [receipt-processor] [restartedMain] c.r.ReceiptProcessorApplication          : Started ReceiptProcessorApplication in 2.403 seconds (process running for 3.466)
2025-02-02T19:37:51.585-08:00  INFO 36012 --- [receipt-processor] [http-nio-8080-exec-2] o.a.c.c.C.[Tomcat].[localhost].[/]       : Initializing Spring DispatcherServlet 'dispatcherServlet'
2025-02-02T19:37:51.586-08:00  INFO 36012 --- [receipt-processor] [http-nio-8080-exec-2] o.s.web.servlet.DispatcherServlet        : Initializing Servlet 'dispatcherServlet'
2025-02-02T19:37:51.591-08:00  INFO 36012 --- [receipt-processor] [http-nio-8080-exec-2] o.s.web.servlet.DispatcherServlet        : Completed initialization in 3 ms
2025-02-02T19:42:01.894-08:00  INFO 36012 --- [receipt-processor] [File Watcher] rtingClassPathChangeChangedEventListener : Restarting due to 1 class path change (0 additions, 0 deletions, 1 modification)
2025-02-02T19:42:01.908-08:00  INFO 36012 --- [receipt-processor] [Thread-5] o.s.b.w.e.tomcat.GracefulShutdown        : Commencing graceful shutdown. Waiting for active requests to complete
2025-02-02T19:42:01.919-08:00  INFO 36012 --- [receipt-processor] [tomcat-shutdown] o.s.b.w.e.tomcat.GracefulShutdown        : Graceful shutdown complete
2025-02-02T19:42:02.232-08:00  INFO 36012 --- [receipt-processor] [restartedMain] c.r.ReceiptProcessorApplication          : Starting ReceiptProcessorApplication using Java 21.0.3 with PID 36012 (/Users/mayankchoudhary/Desktop/receipt-processor/target/classes started by mayankchoudhary in /Users/mayankchoudhary/Desktop/receipt-processor)
2025-02-02T19:42:02.234-08:00 DEBUG 36012 --- [receipt-processor] [restartedMain] c.r.ReceiptProcessorApplication          : Running with Spring Boot v3.4.2, Spring v6.2.2
2025-02-02T19:42:02.234-08:00  INFO 36012 --- [receipt-processor] [restartedMain] c.r.ReceiptProcessorApplication          : No active profile set, falling back to 1 default profile: "default"
2025-02-02T19:42:02.550-08:00  INFO 36012 --- [receipt-processor] [restartedMain] o.s.b.w.embedded.tomcat.TomcatWebServer  : Tomcat initialized with port 8080 (http)
2025-02-02T19:42:02.552-08:00  INFO 36012 --- [receipt-processor] [restartedMain] o.apache.catalina.core.StandardService   : Starting service [Tomcat]
2025-02-02T19:42:02.553-08:00  INFO 36012 --- [receipt-processor] [restartedMain] o.apache.catalina.core.StandardEngine    : Starting Servlet engine: [Apache Tomcat/10.1.34]
2025-02-02T19:42:02.565-08:00  INFO 36012 --- [receipt-processor] [restartedMain] o.a.c.c.C.[Tomcat].[localhost].[/]       : Initializing Spring embedded WebApplicationContext
2025-02-02T19:42:02.565-08:00  INFO 36012 --- [receipt-processor] [restartedMain] w.s.c.ServletWebServerApplicationContext : Root WebApplicationContext: initialization completed in 315 ms
2025-02-02T19:42:02.693-08:00  INFO 36012 --- [receipt-processor] [restartedMain] o.s.b.d.a.OptionalLiveReloadServer       : LiveReload server is running on port 35729
2025-02-02T19:42:02.708-08:00  INFO 36012 --- [receipt-processor] [restartedMain] o.s.b.w.embedded.tomcat.TomcatWebServer  : Tomcat started on port 8080 (http) with context path '/'
2025-02-02T19:42:02.714-08:00  INFO 36012 --- [receipt-processor] [restartedMain] c.r.ReceiptProcessorApplication          : Started ReceiptProcessorApplication in 0.612 seconds (process running for 265.501)
2025-02-02T19:42:02.729-08:00  INFO 36012 --- [receipt-processor] [restartedMain] .ConditionEvaluationDeltaLoggingListener : Condition evaluation unchanged
2025-02-02T19:42:51.785-08:00  INFO 36012 --- [receipt-processor] [http-nio-8080-exec-3] o.a.c.c.C.[Tomcat].[localhost].[/]       : Initializing Spring DispatcherServlet 'dispatcherServlet'
2025-02-02T19:42:51.788-08:00  INFO 36012 --- [receipt-processor] [http-nio-8080-exec-3] o.s.web.servlet.DispatcherServlet        : Initializing Servlet 'dispatcherServlet'
2025-02-02T19:42:51.789-08:00  INFO 36012 --- [receipt-processor] [http-nio-8080-exec-3] o.s.web.servlet.DispatcherServlet        : Completed initialization in 0 ms
2025-02-02T19:44:05.396-08:00  INFO 36012 --- [receipt-processor] [File Watcher] rtingClassPathChangeChangedEventListener : Restarting due to 1 class path change (0 additions, 0 deletions, 1 modification)
2025-02-02T19:44:05.400-08:00  INFO 36012 --- [receipt-processor] [Thread-7] o.s.b.w.e.tomcat.GracefulShutdown        : Commencing graceful shutdown. Waiting for active requests to complete
2025-02-02T19:44:05.407-08:00  INFO 36012 --- [receipt-processor] [tomcat-shutdown] o.s.b.w.e.tomcat.GracefulShutdown        : Graceful shutdown complete
2025-02-02T19:44:05.760-08:00  INFO 36012 --- [receipt-processor] [restartedMain] c.r.ReceiptProcessorApplication          : Starting ReceiptProcessorApplication using Java 21.0.3 with PID 36012 (/Users/mayankchoudhary/Desktop/receipt-processor/target/classes started by mayankchoudhary in /Users/mayankchoudhary/Desktop/receipt-processor)
2025-02-02T19:44:05.762-08:00 DEBUG 36012 --- [receipt-processor] [restartedMain] c.r.ReceiptProcessorApplication          : Running with Spring Boot v3.4.2, Spring v6.2.2
2025-02-02T19:44:05.763-08:00  INFO 36012 --- [receipt-processor] [restartedMain] c.r.ReceiptProcessorApplication          : No active profile set, falling back to 1 default profile: "default"
2025-02-02T19:44:06.103-08:00  INFO 36012 --- [receipt-processor] [restartedMain] o.s.b.w.embedded.tomcat.TomcatWebServer  : Tomcat initialized with port 8080 (http)
2025-02-02T19:44:06.111-08:00  INFO 36012 --- [receipt-processor] [restartedMain] o.apache.catalina.core.StandardService   : Starting service [Tomcat]
2025-02-02T19:44:06.112-08:00  INFO 36012 --- [receipt-processor] [restartedMain] o.apache.catalina.core.StandardEngine    : Starting Servlet engine: [Apache Tomcat/10.1.34]
2025-02-02T19:44:06.125-08:00  INFO 36012 --- [receipt-processor] [restartedMain] o.a.c.c.C.[Tomcat].[localhost].[/]       : Initializing Spring embedded WebApplicationContext
2025-02-02T19:44:06.128-08:00  INFO 36012 --- [receipt-processor] [restartedMain] w.s.c.ServletWebServerApplicationContext : Root WebApplicationContext: initialization completed in 346 ms
2025-02-02T19:44:06.286-08:00  INFO 36012 --- [receipt-processor] [restartedMain] o.s.b.d.a.OptionalLiveReloadServer       : LiveReload server is running on port 35729
2025-02-02T19:44:06.298-08:00  INFO 36012 --- [receipt-processor] [restartedMain] o.s.b.w.embedded.tomcat.TomcatWebServer  : Tomcat started on port 8080 (http) with context path '/'
2025-02-02T19:44:06.306-08:00  INFO 36012 --- [receipt-processor] [restartedMain] c.r.ReceiptProcessorApplication          : Started ReceiptProcessorApplication in 0.712 seconds (process running for 389.093)
2025-02-02T19:44:06.308-08:00  INFO 36012 --- [receipt-processor] [restartedMain] .ConditionEvaluationDeltaLoggingListener : Condition evaluation unchanged
2025-02-02T19:44:07.100-08:00  INFO 36012 --- [receipt-processor] [http-nio-8080-exec-3] o.a.c.c.C.[Tomcat].[localhost].[/]       : Initializing Spring DispatcherServlet 'dispatcherServlet'
2025-02-02T19:44:07.101-08:00  INFO 36012 --- [receipt-processor] [http-nio-8080-exec-3] o.s.web.servlet.DispatcherServlet        : Initializing Servlet 'dispatcherServlet'
2025-02-02T19:44:07.102-08:00  INFO 36012 --- [receipt-processor] [http-nio-8080-exec-3] o.s.web.servlet.DispatcherServlet        : Completed initialization in 1 ms
2025-02-02T19:47:35.072-08:00  INFO 36012 --- [receipt-processor] [File Watcher] rtingClassPathChangeChangedEventListener : Restarting due to 1 class path change (0 additions, 0 deletions, 1 modification)
2025-02-02T19:47:35.079-08:00  INFO 36012 --- [receipt-processor] [Thread-11] o.s.b.w.e.tomcat.GracefulShutdown        : Commencing graceful shutdown. Waiting for active requests to complete
2025-02-02T19:47:35.085-08:00  INFO 36012 --- [receipt-processor] [tomcat-shutdown] o.s.b.w.e.tomcat.GracefulShutdown        : Graceful shutdown complete
2025-02-02T19:47:35.418-08:00  INFO 36012 --- [receipt-processor] [restartedMain] c.r.ReceiptProcessorApplication          : Starting ReceiptProcessorApplication using Java 21.0.3 with PID 36012 (/Users/mayankchoudhary/Desktop/receipt-processor/target/classes started by mayankchoudhary in /Users/mayankchoudhary/Desktop/receipt-processor)
2025-02-02T19:47:35.420-08:00 DEBUG 36012 --- [receipt-processor] [restartedMain] c.r.ReceiptProcessorApplication          : Running with Spring Boot v3.4.2, Spring v6.2.2
2025-02-02T19:47:35.420-08:00  INFO 36012 --- [receipt-processor] [restartedMain] c.r.ReceiptProcessorApplication          : No active profile set, falling back to 1 default profile: "default"
2025-02-02T19:47:35.737-08:00  INFO 36012 --- [receipt-processor] [restartedMain] o.s.b.w.embedded.tomcat.TomcatWebServer  : Tomcat initialized with port 8080 (http)
2025-02-02T19:47:35.741-08:00  INFO 36012 --- [receipt-processor] [restartedMain] o.apache.catalina.core.StandardService   : Starting service [Tomcat]
2025-02-02T19:47:35.741-08:00  INFO 36012 --- [receipt-processor] [restartedMain] o.apache.catalina.core.StandardEngine    : Starting Servlet engine: [Apache Tomcat/10.1.34]
2025-02-02T19:47:35.753-08:00  INFO 36012 --- [receipt-processor] [restartedMain] o.a.c.c.C.[Tomcat].[localhost].[/]       : Initializing Spring embedded WebApplicationContext
2025-02-02T19:47:35.754-08:00  INFO 36012 --- [receipt-processor] [restartedMain] w.s.c.ServletWebServerApplicationContext : Root WebApplicationContext: initialization completed in 318 ms
2025-02-02T19:47:35.862-08:00  INFO 36012 --- [receipt-processor] [restartedMain] o.s.b.d.a.OptionalLiveReloadServer       : LiveReload server is running on port 35729
2025-02-02T19:47:35.873-08:00  INFO 36012 --- [receipt-processor] [restartedMain] o.s.b.w.embedded.tomcat.TomcatWebServer  : Tomcat started on port 8080 (http) with context path '/'
2025-02-02T19:47:35.879-08:00  INFO 36012 --- [receipt-processor] [restartedMain] c.r.ReceiptProcessorApplication          : Started ReceiptProcessorApplication in 0.625 seconds (process running for 598.665)
2025-02-02T19:47:35.884-08:00  INFO 36012 --- [receipt-processor] [restartedMain] .ConditionEvaluationDeltaLoggingListener : Condition evaluation unchanged
2025-02-02T19:59:20.395-08:00  INFO 36012 --- [receipt-processor] [File Watcher] rtingClassPathChangeChangedEventListener : Restarting due to 4 class path changes (0 additions, 1 deletion, 3 modifications)
2025-02-02T19:59:20.413-08:00  INFO 36012 --- [receipt-processor] [Thread-15] o.s.b.w.e.tomcat.GracefulShutdown        : Commencing graceful shutdown. Waiting for active requests to complete
2025-02-02T19:59:20.421-08:00  INFO 36012 --- [receipt-processor] [tomcat-shutdown] o.s.b.w.e.tomcat.GracefulShutdown        : Graceful shutdown complete
2025-02-02T19:59:20.793-08:00  INFO 36012 --- [receipt-processor] [restartedMain] c.r.ReceiptProcessorApplication          : Starting ReceiptProcessorApplication using Java 21.0.3 with PID 36012 (/Users/mayankchoudhary/Desktop/receipt-processor/target/classes started by mayankchoudhary in /Users/mayankchoudhary/Desktop/receipt-processor)
2025-02-02T19:59:20.796-08:00 DEBUG 36012 --- [receipt-processor] [restartedMain] c.r.ReceiptProcessorApplication          : Running with Spring Boot v3.4.2, Spring v6.2.2
2025-02-02T19:59:20.796-08:00  INFO 36012 --- [receipt-processor] [restartedMain] c.r.ReceiptProcessorApplication          : No active profile set, falling back to 1 default profile: "default"
2025-02-02T19:59:21.164-08:00  INFO 36012 --- [receipt-processor] [restartedMain] o.s.b.w.embedded.tomcat.TomcatWebServer  : Tomcat initialized with port 8080 (http)
2025-02-02T19:59:21.168-08:00  INFO 36012 --- [receipt-processor] [restartedMain] o.apache.catalina.core.StandardService   : Starting service [Tomcat]
2025-02-02T19:59:21.169-08:00  INFO 36012 --- [receipt-processor] [restartedMain] o.apache.catalina.core.StandardEngine    : Starting Servlet engine: [Apache Tomcat/10.1.34]
2025-02-02T19:59:21.184-08:00  INFO 36012 --- [receipt-processor] [restartedMain] o.a.c.c.C.[Tomcat].[localhost].[/]       : Initializing Spring embedded WebApplicationContext
2025-02-02T19:59:21.185-08:00  INFO 36012 --- [receipt-processor] [restartedMain] w.s.c.ServletWebServerApplicationContext : Root WebApplicationContext: initialization completed in 374 ms
2025-02-02T19:59:21.277-08:00  INFO 36012 --- [receipt-processor] [restartedMain] o.s.b.d.a.OptionalLiveReloadServer       : LiveReload server is running on port 35729
2025-02-02T19:59:21.287-08:00  INFO 36012 --- [receipt-processor] [restartedMain] o.s.b.w.embedded.tomcat.TomcatWebServer  : Tomcat started on port 8080 (http) with context path '/'
2025-02-02T19:59:21.293-08:00  INFO 36012 --- [receipt-processor] [restartedMain] c.r.ReceiptProcessorApplication          : Started ReceiptProcessorApplication in 0.666 seconds (process running for 1304.07)
2025-02-02T19:59:21.296-08:00  INFO 36012 --- [receipt-processor] [restartedMain] .ConditionEvaluationDeltaLoggingListener : Condition evaluation unchanged
2025-02-02T20:09:54.099-08:00  INFO 36012 --- [receipt-processor] [File Watcher] rtingClassPathChangeChangedEventListener : Restarting due to 5 class path changes (0 additions, 0 deletions, 5 modifications)
2025-02-02T20:09:54.106-08:00  INFO 36012 --- [receipt-processor] [Thread-19] o.s.b.w.e.tomcat.GracefulShutdown        : Commencing graceful shutdown. Waiting for active requests to complete
2025-02-02T20:09:54.114-08:00  INFO 36012 --- [receipt-processor] [tomcat-shutdown] o.s.b.w.e.tomcat.GracefulShutdown        : Graceful shutdown complete
2025-02-02T20:09:54.510-08:00  INFO 36012 --- [receipt-processor] [restartedMain] c.r.ReceiptProcessorApplication          : Starting ReceiptProcessorApplication using Java 21.0.3 with PID 36012 (/Users/mayankchoudhary/Desktop/receipt-processor/target/classes started by mayankchoudhary in /Users/mayankchoudhary/Desktop/receipt-processor)
2025-02-02T20:09:54.514-08:00 DEBUG 36012 --- [receipt-processor] [restartedMain] c.r.ReceiptProcessorApplication          : Running with Spring Boot v3.4.2, Spring v6.2.2
2025-02-02T20:09:54.515-08:00  INFO 36012 --- [receipt-processor] [restartedMain] c.r.ReceiptProcessorApplication          : No active profile set, falling back to 1 default profile: "default"
2025-02-02T20:09:54.878-08:00  INFO 36012 --- [receipt-processor] [restartedMain] o.s.b.w.embedded.tomcat.TomcatWebServer  : Tomcat initialized with port 8080 (http)
2025-02-02T20:09:54.883-08:00  INFO 36012 --- [receipt-processor] [restartedMain] o.apache.catalina.core.StandardService   : Starting service [Tomcat]
2025-02-02T20:09:54.883-08:00  INFO 36012 --- [receipt-processor] [restartedMain] o.apache.catalina.core.StandardEngine    : Starting Servlet engine: [Apache Tomcat/10.1.34]
2025-02-02T20:09:54.900-08:00  INFO 36012 --- [receipt-processor] [restartedMain] o.a.c.c.C.[Tomcat].[localhost].[/]       : Initializing Spring embedded WebApplicationContext
2025-02-02T20:09:54.900-08:00  INFO 36012 --- [receipt-processor] [restartedMain] w.s.c.ServletWebServerApplicationContext : Root WebApplicationContext: initialization completed in 367 ms
2025-02-02T20:09:55.002-08:00  INFO 36012 --- [receipt-processor] [restartedMain] o.s.b.d.a.OptionalLiveReloadServer       : LiveReload server is running on port 35729
2025-02-02T20:09:55.013-08:00  INFO 36012 --- [receipt-processor] [restartedMain] o.s.b.w.embedded.tomcat.TomcatWebServer  : Tomcat started on port 8080 (http) with context path '/'
2025-02-02T20:09:55.017-08:00  INFO 36012 --- [receipt-processor] [restartedMain] c.r.ReceiptProcessorApplication          : Started ReceiptProcessorApplication in 0.694 seconds (process running for 1937.791)
2025-02-02T20:09:55.018-08:00  INFO 36012 --- [receipt-processor] [restartedMain] .ConditionEvaluationDeltaLoggingListener : Condition evaluation unchanged
2025-02-02T20:09:55.987-08:00  INFO 36509 --- [receipt-processor] [main] c.r.ReceiptProcessorApplicationTests     : Starting ReceiptProcessorApplicationTests using Java 21.0.3 with PID 36509 (started by mayankchoudhary in /Users/mayankchoudhary/Desktop/receipt-processor)
2025-02-02T20:09:55.989-08:00 DEBUG 36509 --- [receipt-processor] [main] c.r.ReceiptProcessorApplicationTests     : Running with Spring Boot v3.4.2, Spring v6.2.2
2025-02-02T20:09:55.992-08:00  INFO 36509 --- [receipt-processor] [main] c.r.ReceiptProcessorApplicationTests     : No active profile set, falling back to 1 default profile: "default"
2025-02-02T20:09:58.346-08:00  INFO 36509 --- [receipt-processor] [main] c.r.ReceiptProcessorApplicationTests     : Started ReceiptProcessorApplicationTests in 3.267 seconds (process running for 5.139)
2025-02-02T20:11:06.218-08:00  INFO 36012 --- [receipt-processor] [http-nio-8080-exec-4] o.a.c.c.C.[Tomcat].[localhost].[/]       : Initializing Spring DispatcherServlet 'dispatcherServlet'
2025-02-02T20:11:06.226-08:00  INFO 36012 --- [receipt-processor] [http-nio-8080-exec-4] o.s.web.servlet.DispatcherServlet        : Initializing Servlet 'dispatcherServlet'
2025-02-02T20:11:06.229-08:00  INFO 36012 --- [receipt-processor] [http-nio-8080-exec-4] o.s.web.servlet.DispatcherServlet        : Completed initialization in 2 ms
2025-02-02T20:13:36.843-08:00  INFO 36012 --- [receipt-processor] [File Watcher] rtingClassPathChangeChangedEventListener : Restarting due to 3 class path changes (0 additions, 0 deletions, 3 modifications)
2025-02-02T20:13:36.855-08:00  INFO 36012 --- [receipt-processor] [Thread-23] o.s.b.w.e.tomcat.GracefulShutdown        : Commencing graceful shutdown. Waiting for active requests to complete
2025-02-02T20:13:36.861-08:00  INFO 36012 --- [receipt-processor] [tomcat-shutdown] o.s.b.w.e.tomcat.GracefulShutdown        : Graceful shutdown complete
2025-02-02T20:13:39.549-08:00  INFO 36012 --- [receipt-processor] [restartedMain] c.r.ReceiptProcessorApplication          : Starting ReceiptProcessorApplication using Java 21.0.3 with PID 36012 (/Users/mayankchoudhary/Desktop/receipt-processor/target/classes started by mayankchoudhary in /Users/mayankchoudhary/Desktop/receipt-processor)
2025-02-02T20:13:39.553-08:00 DEBUG 36012 --- [receipt-processor] [restartedMain] c.r.ReceiptProcessorApplication          : Running with Spring Boot v3.4.2, Spring v6.2.2
2025-02-02T20:13:39.554-08:00  INFO 36012 --- [receipt-processor] [restartedMain] c.r.ReceiptProcessorApplication          : No active profile set, falling back to 1 default profile: "default"
2025-02-02T20:13:39.892-08:00  INFO 36012 --- [receipt-processor] [restartedMain] o.s.b.w.embedded.tomcat.TomcatWebServer  : Tomcat initialized with port 8080 (http)
2025-02-02T20:13:39.898-08:00  INFO 36012 --- [receipt-processor] [restartedMain] o.apache.catalina.core.StandardService   : Starting service [Tomcat]
2025-02-02T20:13:39.900-08:00  INFO 36012 --- [receipt-processor] [restartedMain] o.apache.catalina.core.StandardEngine    : Starting Servlet engine: [Apache Tomcat/10.1.34]
2025-02-02T20:13:39.918-08:00  INFO 36012 --- [receipt-processor] [restartedMain] o.a.c.c.C.[Tomcat].[localhost].[/]       : Initializing Spring embedded WebApplicationContext
2025-02-02T20:13:39.918-08:00  INFO 36012 --- [receipt-processor] [restartedMain] w.s.c.ServletWebServerApplicationContext : Root WebApplicationContext: initialization completed in 346 ms
2025-02-02T20:13:40.037-08:00  INFO 36012 --- [receipt-processor] [restartedMain] o.s.b.d.a.OptionalLiveReloadServer       : LiveReload server is running on port 35729
2025-02-02T20:13:40.050-08:00  INFO 36012 --- [receipt-processor] [restartedMain] o.s.b.w.embedded.tomcat.TomcatWebServer  : Tomcat started on port 8080 (http) with context path '/'
2025-02-02T20:13:40.055-08:00  INFO 36012 --- [receipt-processor] [restartedMain] c.r.ReceiptProcessorApplication          : Started ReceiptProcessorApplication in 0.717 seconds (process running for 2162.829)
2025-02-02T20:13:40.072-08:00  INFO 36012 --- [receipt-processor] [restartedMain] .ConditionEvaluationDeltaLoggingListener : Condition evaluation unchanged
2025-02-02T20:14:01.653-08:00  INFO 36575 --- [receipt-processor] [main] c.r.ReceiptProcessorApplicationTests     : Starting ReceiptProcessorApplicationTests using Java 21.0.3 with PID 36575 (started by mayankchoudhary in /Users/mayankchoudhary/Desktop/receipt-processor)
2025-02-02T20:14:01.656-08:00 DEBUG 36575 --- [receipt-processor] [main] c.r.ReceiptProcessorApplicationTests     : Running with Spring Boot v3.4.2, Spring v6.2.2
2025-02-02T20:14:01.658-08:00  INFO 36575 --- [receipt-processor] [main] c.r.ReceiptProcessorApplicationTests     : No active profile set, falling back to 1 default profile: "default"
2025-02-02T20:14:03.882-08:00  INFO 36575 --- [receipt-processor] [main] c.r.ReceiptProcessorApplicationTests     : Started ReceiptProcessorApplicationTests in 3.085 seconds (process running for 4.732)
2025-02-02T20:19:28.027-08:00  INFO 36693 --- [receipt-processor] [restartedMain] c.r.ReceiptProcessorApplication          : Starting ReceiptProcessorApplication using Java 21.0.3 with PID 36693 (/Users/mayankchoudhary/Desktop/receipt-processor/target/classes started by mayankchoudhary in /Users/mayankchoudhary/Desktop/receipt-processor)
2025-02-02T20:19:28.030-08:00 DEBUG 36693 --- [receipt-processor] [restartedMain] c.r.ReceiptProcessorApplication          : Running with Spring Boot v3.4.2, Spring v6.2.2
2025-02-02T20:19:28.031-08:00  INFO 36693 --- [receipt-processor] [restartedMain] c.r.ReceiptProcessorApplication          : No active profile set, falling back to 1 default profile: "default"
2025-02-02T20:19:28.091-08:00  INFO 36693 --- [receipt-processor] [restartedMain] .e.DevToolsPropertyDefaultsPostProcessor : Devtools property defaults active! Set 'spring.devtools.add-properties' to 'false' to disable
2025-02-02T20:19:28.091-08:00  INFO 36693 --- [receipt-processor] [restartedMain] .e.DevToolsPropertyDefaultsPostProcessor : For additional web related logging consider setting the 'logging.level.web' property to 'DEBUG'
2025-02-02T20:19:29.148-08:00  INFO 36693 --- [receipt-processor] [restartedMain] o.s.b.w.embedded.tomcat.TomcatWebServer  : Tomcat initialized with port 8080 (http)
2025-02-02T20:19:29.172-08:00  INFO 36693 --- [receipt-processor] [restartedMain] o.apache.catalina.core.StandardService   : Starting service [Tomcat]
2025-02-02T20:19:29.173-08:00  INFO 36693 --- [receipt-processor] [restartedMain] o.apache.catalina.core.StandardEngine    : Starting Servlet engine: [Apache Tomcat/10.1.34]
2025-02-02T20:19:29.211-08:00  INFO 36693 --- [receipt-processor] [restartedMain] o.a.c.c.C.[Tomcat].[localhost].[/]       : Initializing Spring embedded WebApplicationContext
2025-02-02T20:19:29.212-08:00  INFO 36693 --- [receipt-processor] [restartedMain] w.s.c.ServletWebServerApplicationContext : Root WebApplicationContext: initialization completed in 1120 ms
2025-02-02T20:19:29.655-08:00  WARN 36693 --- [receipt-processor] [restartedMain] o.s.b.d.a.OptionalLiveReloadServer       : Unable to start LiveReload server
2025-02-02T20:19:29.678-08:00  WARN 36693 --- [receipt-processor] [restartedMain] ConfigServletWebServerApplicationContext : Exception encountered during context initialization - cancelling refresh attempt: org.springframework.context.ApplicationContextException: Failed to start bean 'webServerStartStop'
2025-02-02T20:19:29.699-08:00  INFO 36693 --- [receipt-processor] [restartedMain] .s.b.a.l.ConditionEvaluationReportLogger : 

Error starting ApplicationContext. To display the condition evaluation report re-run your application with 'debug' enabled.
2025-02-02T20:19:29.714-08:00 ERROR 36693 --- [receipt-processor] [restartedMain] o.s.b.d.LoggingFailureAnalysisReporter   : 

***************************
APPLICATION FAILED TO START
***************************

Description:

Web server failed to start. Port 8080 was already in use.

Action:

Identify and stop the process that's listening on port 8080 or configure this application to listen on another port.

2025-02-02T20:29:44.990-08:00  INFO 36012 --- [receipt-processor] [File Watcher] rtingClassPathChangeChangedEventListener : Restarting due to 1 class path change (0 additions, 0 deletions, 1 modification)
2025-02-02T20:29:45.017-08:00  INFO 36012 --- [receipt-processor] [Thread-31] o.s.b.w.e.tomcat.GracefulShutdown        : Commencing graceful shutdown. Waiting for active requests to complete
2025-02-02T20:29:45.023-08:00  INFO 36012 --- [receipt-processor] [tomcat-shutdown] o.s.b.w.e.tomcat.GracefulShutdown        : Graceful shutdown complete
2025-02-02T20:29:45.408-08:00  INFO 36012 --- [receipt-processor] [restartedMain] c.r.ReceiptProcessorApplication          : Starting ReceiptProcessorApplication using Java 21.0.3 with PID 36012 (/Users/mayankchoudhary/Desktop/receipt-processor/target/classes started by mayankchoudhary in /Users/mayankchoudhary/Desktop/receipt-processor)
2025-02-02T20:29:45.413-08:00 DEBUG 36012 --- [receipt-processor] [restartedMain] c.r.ReceiptProcessorApplication          : Running with Spring Boot v3.4.2, Spring v6.2.2
2025-02-02T20:29:45.413-08:00  INFO 36012 --- [receipt-processor] [restartedMain] c.r.ReceiptProcessorApplication          : No active profile set, falling back to 1 default profile: "default"
2025-02-02T20:29:45.760-08:00  INFO 36012 --- [receipt-processor] [restartedMain] o.s.b.w.embedded.tomcat.TomcatWebServer  : Tomcat initialized with port 8080 (http)
2025-02-02T20:29:45.766-08:00  INFO 36012 --- [receipt-processor] [restartedMain] o.apache.catalina.core.StandardService   : Starting service [Tomcat]
2025-02-02T20:29:45.767-08:00  INFO 36012 --- [receipt-processor] [restartedMain] o.apache.catalina.core.StandardEngine    : Starting Servlet engine: [Apache Tomcat/10.1.34]
2025-02-02T20:29:45.783-08:00  INFO 36012 --- [receipt-processor] [restartedMain] o.a.c.c.C.[Tomcat].[localhost].[/]       : Initializing Spring embedded WebApplicationContext
2025-02-02T20:29:45.783-08:00  INFO 36012 --- [receipt-processor] [restartedMain] w.s.c.ServletWebServerApplicationContext : Root WebApplicationContext: initialization completed in 353 ms
2025-02-02T20:29:45.878-08:00  INFO 36012 --- [receipt-processor] [restartedMain] o.s.b.d.a.OptionalLiveReloadServer       : LiveReload server is running on port 35729
2025-02-02T20:29:45.893-08:00  INFO 36012 --- [receipt-processor] [restartedMain] o.s.b.w.embedded.tomcat.TomcatWebServer  : Tomcat started on port 8080 (http) with context path '/'
2025-02-02T20:29:45.899-08:00  INFO 36012 --- [receipt-processor] [restartedMain] c.r.ReceiptProcessorApplication          : Started ReceiptProcessorApplication in 0.671 seconds (process running for 3128.676)
2025-02-02T20:29:45.901-08:00  INFO 36012 --- [receipt-processor] [restartedMain] .ConditionEvaluationDeltaLoggingListener : Condition evaluation unchanged
2025-02-02T20:31:23.361-08:00  INFO 36012 --- [receipt-processor] [File Watcher] rtingClassPathChangeChangedEventListener : Restarting due to 11 class path changes (0 additions, 3 deletions, 8 modifications)
2025-02-02T20:31:23.372-08:00  INFO 36012 --- [receipt-processor] [Thread-35] o.s.b.w.e.tomcat.GracefulShutdown        : Commencing graceful shutdown. Waiting for active requests to complete
2025-02-02T20:31:23.383-08:00  INFO 36012 --- [receipt-processor] [tomcat-shutdown] o.s.b.w.e.tomcat.GracefulShutdown        : Graceful shutdown complete
2025-02-02T20:31:23.803-08:00  INFO 36012 --- [receipt-processor] [restartedMain] c.r.ReceiptProcessorApplication          : Starting ReceiptProcessorApplication using Java 21.0.3 with PID 36012 (/Users/mayankchoudhary/Desktop/receipt-processor/target/classes started by mayankchoudhary in /Users/mayankchoudhary/Desktop/receipt-processor)
2025-02-02T20:31:23.808-08:00 DEBUG 36012 --- [receipt-processor] [restartedMain] c.r.ReceiptProcessorApplication          : Running with Spring Boot v3.4.2, Spring v6.2.2
2025-02-02T20:31:23.809-08:00  INFO 36012 --- [receipt-processor] [restartedMain] c.r.ReceiptProcessorApplication          : No active profile set, falling back to 1 default profile: "default"
2025-02-02T20:31:24.163-08:00  INFO 36012 --- [receipt-processor] [restartedMain] o.s.b.w.embedded.tomcat.TomcatWebServer  : Tomcat initialized with port 8080 (http)
2025-02-02T20:31:24.169-08:00  INFO 36012 --- [receipt-processor] [restartedMain] o.apache.catalina.core.StandardService   : Starting service [Tomcat]
2025-02-02T20:31:24.169-08:00  INFO 36012 --- [receipt-processor] [restartedMain] o.apache.catalina.core.StandardEngine    : Starting Servlet engine: [Apache Tomcat/10.1.34]
2025-02-02T20:31:24.187-08:00  INFO 36012 --- [receipt-processor] [restartedMain] o.a.c.c.C.[Tomcat].[localhost].[/]       : Initializing Spring embedded WebApplicationContext
2025-02-02T20:31:24.187-08:00  INFO 36012 --- [receipt-processor] [restartedMain] w.s.c.ServletWebServerApplicationContext : Root WebApplicationContext: initialization completed in 359 ms
2025-02-02T20:31:24.296-08:00  INFO 36012 --- [receipt-processor] [restartedMain] o.s.b.d.a.OptionalLiveReloadServer       : LiveReload server is running on port 35729
2025-02-02T20:31:24.310-08:00  INFO 36012 --- [receipt-processor] [restartedMain] o.s.b.w.embedded.tomcat.TomcatWebServer  : Tomcat started on port 8080 (http) with context path '/'
2025-02-02T20:31:24.315-08:00  INFO 36012 --- [receipt-processor] [restartedMain] c.r.ReceiptProcessorApplication          : Started ReceiptProcessorApplication in 0.707 seconds (process running for 3227.091)
2025-02-02T20:31:24.317-08:00  INFO 36012 --- [receipt-processor] [restartedMain] .ConditionEvaluationDeltaLoggingListener : Condition evaluation unchanged
2025-02-02T20:31:25.150-08:00  INFO 37288 --- [receipt-processor] [main] c.r.ReceiptProcessorApplicationTests     : Starting ReceiptProcessorApplicationTests using Java 22.0.2 with PID 37288 (started by mayankchoudhary in /Users/mayankchoudhary/Desktop/receipt-processor)
2025-02-02T20:31:25.151-08:00 DEBUG 37288 --- [receipt-processor] [main] c.r.ReceiptProcessorApplicationTests     : Running with Spring Boot v3.4.2, Spring v6.2.2
2025-02-02T20:31:25.151-08:00  INFO 37288 --- [receipt-processor] [main] c.r.ReceiptProcessorApplicationTests     : No active profile set, falling back to 1 default profile: "default"
2025-02-02T20:31:25.697-08:00  INFO 37288 --- [receipt-processor] [main] c.r.ReceiptProcessorApplicationTests     : Started ReceiptProcessorApplicationTests in 0.747 seconds (process running for 1.816)
2025-02-02T20:40:52.636-08:00  INFO 36012 --- [receipt-processor] [http-nio-8080-exec-6] o.a.c.c.C.[Tomcat].[localhost].[/]       : Initializing Spring DispatcherServlet 'dispatcherServlet'
2025-02-02T20:40:52.640-08:00  INFO 36012 --- [receipt-processor] [http-nio-8080-exec-6] o.s.web.servlet.DispatcherServlet        : Initializing Servlet 'dispatcherServlet'
2025-02-02T20:40:52.643-08:00  INFO 36012 --- [receipt-processor] [http-nio-8080-exec-6] o.s.web.servlet.DispatcherServlet        : Completed initialization in 3 ms
2025-02-02T20:40:57.967-08:00  INFO 36012 --- [receipt-processor] [File Watcher] rtingClassPathChangeChangedEventListener : Restarting due to 2 class path changes (0 additions, 0 deletions, 2 modifications)
2025-02-02T20:40:57.971-08:00  INFO 36012 --- [receipt-processor] [Thread-39] o.s.b.w.e.tomcat.GracefulShutdown        : Commencing graceful shutdown. Waiting for active requests to complete
2025-02-02T20:40:57.977-08:00  INFO 36012 --- [receipt-processor] [tomcat-shutdown] o.s.b.w.e.tomcat.GracefulShutdown        : Graceful shutdown complete
2025-02-02T20:40:58.472-08:00  INFO 36012 --- [receipt-processor] [restartedMain] c.r.ReceiptProcessorApplication          : Starting ReceiptProcessorApplication using Java 21.0.3 with PID 36012 (/Users/mayankchoudhary/Desktop/receipt-processor/target/classes started by mayankchoudhary in /Users/mayankchoudhary/Desktop/receipt-processor)
2025-02-02T20:40:58.477-08:00 DEBUG 36012 --- [receipt-processor] [restartedMain] c.r.ReceiptProcessorApplication          : Running with Spring Boot v3.4.2, Spring v6.2.2
2025-02-02T20:40:58.478-08:00  INFO 36012 --- [receipt-processor] [restartedMain] c.r.ReceiptProcessorApplication          : No active profile set, falling back to 1 default profile: "default"
2025-02-02T20:40:58.817-08:00  INFO 36012 --- [receipt-processor] [restartedMain] o.s.b.w.embedded.tomcat.TomcatWebServer  : Tomcat initialized with port 8080 (http)
2025-02-02T20:40:58.823-08:00  INFO 36012 --- [receipt-processor] [restartedMain] o.apache.catalina.core.StandardService   : Starting service [Tomcat]
2025-02-02T20:40:58.823-08:00  INFO 36012 --- [receipt-processor] [restartedMain] o.apache.catalina.core.StandardEngine    : Starting Servlet engine: [Apache Tomcat/10.1.34]
2025-02-02T20:40:58.839-08:00  INFO 36012 --- [receipt-processor] [restartedMain] o.a.c.c.C.[Tomcat].[localhost].[/]       : Initializing Spring embedded WebApplicationContext
2025-02-02T20:40:58.840-08:00  INFO 36012 --- [receipt-processor] [restartedMain] w.s.c.ServletWebServerApplicationContext : Root WebApplicationContext: initialization completed in 344 ms
2025-02-02T20:40:58.944-08:00  INFO 36012 --- [receipt-processor] [restartedMain] o.s.b.d.a.OptionalLiveReloadServer       : LiveReload server is running on port 35729
2025-02-02T20:40:58.958-08:00  INFO 36012 --- [receipt-processor] [restartedMain] o.s.b.w.embedded.tomcat.TomcatWebServer  : Tomcat started on port 8080 (http) with context path '/'
2025-02-02T20:40:58.966-08:00  INFO 36012 --- [receipt-processor] [restartedMain] c.r.ReceiptProcessorApplication          : Started ReceiptProcessorApplication in 0.792 seconds (process running for 3801.741)
2025-02-02T20:40:58.970-08:00  INFO 36012 --- [receipt-processor] [restartedMain] .ConditionEvaluationDeltaLoggingListener : Condition evaluation unchanged
2025-02-02T20:40:59.014-08:00  INFO 36012 --- [receipt-processor] [http-nio-8080-exec-2] o.a.c.c.C.[Tomcat].[localhost].[/]       : Initializing Spring DispatcherServlet 'dispatcherServlet'
2025-02-02T20:40:59.015-08:00  INFO 36012 --- [receipt-processor] [http-nio-8080-exec-2] o.s.web.servlet.DispatcherServlet        : Initializing Servlet 'dispatcherServlet'
2025-02-02T20:40:59.016-08:00  INFO 36012 --- [receipt-processor] [http-nio-8080-exec-2] o.s.web.servlet.DispatcherServlet        : Completed initialization in 1 ms
2025-02-02T20:42:24.227-08:00  INFO 36012 --- [receipt-processor] [File Watcher] rtingClassPathChangeChangedEventListener : Restarting due to 3 class path changes (3 additions, 0 deletions, 0 modifications)
2025-02-02T20:42:24.238-08:00  INFO 36012 --- [receipt-processor] [Thread-43] o.s.b.w.e.tomcat.GracefulShutdown        : Commencing graceful shutdown. Waiting for active requests to complete
2025-02-02T20:42:24.246-08:00  INFO 36012 --- [receipt-processor] [tomcat-shutdown] o.s.b.w.e.tomcat.GracefulShutdown        : Graceful shutdown complete
2025-02-02T20:42:24.647-08:00  INFO 36012 --- [receipt-processor] [restartedMain] c.r.ReceiptProcessorApplication          : Starting ReceiptProcessorApplication using Java 21.0.3 with PID 36012 (/Users/mayankchoudhary/Desktop/receipt-processor/target/classes started by mayankchoudhary in /Users/mayankchoudhary/Desktop/receipt-processor)
2025-02-02T20:42:24.652-08:00 DEBUG 36012 --- [receipt-processor] [restartedMain] c.r.ReceiptProcessorApplication          : Running with Spring Boot v3.4.2, Spring v6.2.2
2025-02-02T20:42:24.653-08:00  INFO 36012 --- [receipt-processor] [restartedMain] c.r.ReceiptProcessorApplication          : No active profile set, falling back to 1 default profile: "default"
2025-02-02T20:42:24.958-08:00  INFO 36012 --- [receipt-processor] [restartedMain] o.s.b.w.embedded.tomcat.TomcatWebServer  : Tomcat initialized with port 8080 (http)
2025-02-02T20:42:24.965-08:00  INFO 36012 --- [receipt-processor] [restartedMain] o.apache.catalina.core.StandardService   : Starting service [Tomcat]
2025-02-02T20:42:24.965-08:00  INFO 36012 --- [receipt-processor] [restartedMain] o.apache.catalina.core.StandardEngine    : Starting Servlet engine: [Apache Tomcat/10.1.34]
2025-02-02T20:42:24.981-08:00  INFO 36012 --- [receipt-processor] [restartedMain] o.a.c.c.C.[Tomcat].[localhost].[/]       : Initializing Spring embedded WebApplicationContext
2025-02-02T20:42:24.982-08:00  INFO 36012 --- [receipt-processor] [restartedMain] w.s.c.ServletWebServerApplicationContext : Root WebApplicationContext: initialization completed in 313 ms
2025-02-02T20:42:25.073-08:00  INFO 36012 --- [receipt-processor] [restartedMain] o.s.b.d.a.OptionalLiveReloadServer       : LiveReload server is running on port 35729
2025-02-02T20:42:25.085-08:00  INFO 36012 --- [receipt-processor] [restartedMain] o.s.b.w.embedded.tomcat.TomcatWebServer  : Tomcat started on port 8080 (http) with context path '/'
2025-02-02T20:42:25.090-08:00  INFO 36012 --- [receipt-processor] [restartedMain] c.r.ReceiptProcessorApplication          : Started ReceiptProcessorApplication in 0.639 seconds (process running for 3887.865)
2025-02-02T20:42:25.091-08:00  INFO 36012 --- [receipt-processor] [restartedMain] .ConditionEvaluationDeltaLoggingListener : Condition evaluation unchanged
2025-02-02T20:45:23.245-08:00  INFO 36012 --- [receipt-processor] [File Watcher] rtingClassPathChangeChangedEventListener : Restarting due to 1 class path change (0 additions, 0 deletions, 1 modification)
2025-02-02T20:45:23.263-08:00  INFO 36012 --- [receipt-processor] [Thread-47] o.s.b.w.e.tomcat.GracefulShutdown        : Commencing graceful shutdown. Waiting for active requests to complete
2025-02-02T20:45:23.271-08:00  INFO 36012 --- [receipt-processor] [tomcat-shutdown] o.s.b.w.e.tomcat.GracefulShutdown        : Graceful shutdown complete
2025-02-02T20:45:23.712-08:00  INFO 36012 --- [receipt-processor] [restartedMain] c.r.ReceiptProcessorApplication          : Starting ReceiptProcessorApplication using Java 21.0.3 with PID 36012 (/Users/mayankchoudhary/Desktop/receipt-processor/target/classes started by mayankchoudhary in /Users/mayankchoudhary/Desktop/receipt-processor)
2025-02-02T20:45:23.716-08:00 DEBUG 36012 --- [receipt-processor] [restartedMain] c.r.ReceiptProcessorApplication          : Running with Spring Boot v3.4.2, Spring v6.2.2
2025-02-02T20:45:23.717-08:00  INFO 36012 --- [receipt-processor] [restartedMain] c.r.ReceiptProcessorApplication          : No active profile set, falling back to 1 default profile: "default"
2025-02-02T20:45:24.058-08:00  INFO 36012 --- [receipt-processor] [restartedMain] o.s.b.w.embedded.tomcat.TomcatWebServer  : Tomcat initialized with port 8080 (http)
2025-02-02T20:45:24.066-08:00  INFO 36012 --- [receipt-processor] [restartedMain] o.apache.catalina.core.StandardService   : Starting service [Tomcat]
2025-02-02T20:45:24.066-08:00  INFO 36012 --- [receipt-processor] [restartedMain] o.apache.catalina.core.StandardEngine    : Starting Servlet engine: [Apache Tomcat/10.1.34]
2025-02-02T20:45:24.084-08:00  INFO 36012 --- [receipt-processor] [restartedMain] o.a.c.c.C.[Tomcat].[localhost].[/]       : Initializing Spring embedded WebApplicationContext
2025-02-02T20:45:24.084-08:00  INFO 36012 --- [receipt-processor] [restartedMain] w.s.c.ServletWebServerApplicationContext : Root WebApplicationContext: initialization completed in 350 ms
2025-02-02T20:45:24.180-08:00  INFO 36012 --- [receipt-processor] [restartedMain] o.s.b.d.a.OptionalLiveReloadServer       : LiveReload server is running on port 35729
2025-02-02T20:45:24.192-08:00  INFO 36012 --- [receipt-processor] [restartedMain] o.s.b.w.embedded.tomcat.TomcatWebServer  : Tomcat started on port 8080 (http) with context path '/'
2025-02-02T20:45:24.197-08:00  INFO 36012 --- [receipt-processor] [restartedMain] c.r.ReceiptProcessorApplication          : Started ReceiptProcessorApplication in 0.688 seconds (process running for 4066.972)
2025-02-02T20:45:24.198-08:00  INFO 36012 --- [receipt-processor] [restartedMain] .ConditionEvaluationDeltaLoggingListener : Condition evaluation unchanged
2025-02-02T20:45:24.679-08:00  INFO 36012 --- [receipt-processor] [http-nio-8080-exec-8] o.a.c.c.C.[Tomcat].[localhost].[/]       : Initializing Spring DispatcherServlet 'dispatcherServlet'
2025-02-02T20:45:24.679-08:00  INFO 36012 --- [receipt-processor] [http-nio-8080-exec-8] o.s.web.servlet.DispatcherServlet        : Initializing Servlet 'dispatcherServlet'
2025-02-02T20:45:24.680-08:00  INFO 36012 --- [receipt-processor] [http-nio-8080-exec-8] o.s.web.servlet.DispatcherServlet        : Completed initialization in 0 ms
2025-02-02T20:47:15.690-08:00  INFO 36012 --- [receipt-processor] [File Watcher] rtingClassPathChangeChangedEventListener : Restarting due to 1 class path change (0 additions, 0 deletions, 1 modification)
2025-02-02T20:47:15.698-08:00  INFO 36012 --- [receipt-processor] [Thread-51] o.s.b.w.e.tomcat.GracefulShutdown        : Commencing graceful shutdown. Waiting for active requests to complete
2025-02-02T20:47:15.706-08:00  INFO 36012 --- [receipt-processor] [tomcat-shutdown] o.s.b.w.e.tomcat.GracefulShutdown        : Graceful shutdown complete
2025-02-02T20:47:16.146-08:00  INFO 36012 --- [receipt-processor] [restartedMain] c.r.ReceiptProcessorApplication          : Starting ReceiptProcessorApplication using Java 21.0.3 with PID 36012 (/Users/mayankchoudhary/Desktop/receipt-processor/target/classes started by mayankchoudhary in /Users/mayankchoudhary/Desktop/receipt-processor)
2025-02-02T20:47:16.152-08:00 DEBUG 36012 --- [receipt-processor] [restartedMain] c.r.ReceiptProcessorApplication          : Running with Spring Boot v3.4.2, Spring v6.2.2
2025-02-02T20:47:16.153-08:00  INFO 36012 --- [receipt-processor] [restartedMain] c.r.ReceiptProcessorApplication          : No active profile set, falling back to 1 default profile: "default"
2025-02-02T20:47:16.482-08:00  INFO 36012 --- [receipt-processor] [restartedMain] o.s.b.w.embedded.tomcat.TomcatWebServer  : Tomcat initialized with port 8080 (http)
2025-02-02T20:47:16.490-08:00  INFO 36012 --- [receipt-processor] [restartedMain] o.apache.catalina.core.StandardService   : Starting service [Tomcat]
2025-02-02T20:47:16.490-08:00  INFO 36012 --- [receipt-processor] [restartedMain] o.apache.catalina.core.StandardEngine    : Starting Servlet engine: [Apache Tomcat/10.1.34]
2025-02-02T20:47:16.505-08:00  INFO 36012 --- [receipt-processor] [restartedMain] o.a.c.c.C.[Tomcat].[localhost].[/]       : Initializing Spring embedded WebApplicationContext
2025-02-02T20:47:16.505-08:00  INFO 36012 --- [receipt-processor] [restartedMain] w.s.c.ServletWebServerApplicationContext : Root WebApplicationContext: initialization completed in 333 ms
2025-02-02T20:47:16.635-08:00  INFO 36012 --- [receipt-processor] [restartedMain] o.s.b.d.a.OptionalLiveReloadServer       : LiveReload server is running on port 35729
2025-02-02T20:47:16.647-08:00  INFO 36012 --- [receipt-processor] [restartedMain] o.s.b.w.embedded.tomcat.TomcatWebServer  : Tomcat started on port 8080 (http) with context path '/'
2025-02-02T20:47:16.651-08:00  INFO 36012 --- [receipt-processor] [restartedMain] c.r.ReceiptProcessorApplication          : Started ReceiptProcessorApplication in 0.712 seconds (process running for 4179.426)
2025-02-02T20:47:16.653-08:00  INFO 36012 --- [receipt-processor] [restartedMain] .ConditionEvaluationDeltaLoggingListener : Condition evaluation unchanged
2025-02-02T20:51:11.062-08:00  INFO 36012 --- [receipt-processor] [http-nio-8080-exec-1] o.a.c.c.C.[Tomcat].[localhost].[/]       : Initializing Spring DispatcherServlet 'dispatcherServlet'
2025-02-02T20:51:11.065-08:00  INFO 36012 --- [receipt-processor] [http-nio-8080-exec-1] o.s.web.servlet.DispatcherServlet        : Initializing Servlet 'dispatcherServlet'
2025-02-02T20:51:11.070-08:00  INFO 36012 --- [receipt-processor] [http-nio-8080-exec-1] o.s.web.servlet.DispatcherServlet        : Completed initialization in 5 ms
2025-02-02T20:52:56.027-08:00  INFO 36012 --- [receipt-processor] [File Watcher] rtingClassPathChangeChangedEventListener : Restarting due to 11 class path changes (0 additions, 3 deletions, 8 modifications)
2025-02-02T20:52:56.034-08:00  INFO 36012 --- [receipt-processor] [Thread-55] o.s.b.w.e.tomcat.GracefulShutdown        : Commencing graceful shutdown. Waiting for active requests to complete
2025-02-02T20:52:56.041-08:00  INFO 36012 --- [receipt-processor] [tomcat-shutdown] o.s.b.w.e.tomcat.GracefulShutdown        : Graceful shutdown complete
2025-02-02T20:52:56.540-08:00  INFO 36012 --- [receipt-processor] [restartedMain] c.r.ReceiptProcessorApplication          : Starting ReceiptProcessorApplication using Java 21.0.3 with PID 36012 (/Users/mayankchoudhary/Desktop/receipt-processor/target/classes started by mayankchoudhary in /Users/mayankchoudhary/Desktop/receipt-processor)
2025-02-02T20:52:56.547-08:00 DEBUG 36012 --- [receipt-processor] [restartedMain] c.r.ReceiptProcessorApplication          : Running with Spring Boot v3.4.2, Spring v6.2.2
2025-02-02T20:52:56.549-08:00  INFO 36012 --- [receipt-processor] [restartedMain] c.r.ReceiptProcessorApplication          : No active profile set, falling back to 1 default profile: "default"
2025-02-02T20:52:56.598-08:00  INFO 37744 --- [receipt-processor] [main] c.r.ReceiptProcessorApplicationTests     : Starting ReceiptProcessorApplicationTests using Java 22.0.2 with PID 37744 (started by mayankchoudhary in /Users/mayankchoudhary/Desktop/receipt-processor)
2025-02-02T20:52:56.599-08:00 DEBUG 37744 --- [receipt-processor] [main] c.r.ReceiptProcessorApplicationTests     : Running with Spring Boot v3.4.2, Spring v6.2.2
2025-02-02T20:52:56.599-08:00  INFO 37744 --- [receipt-processor] [main] c.r.ReceiptProcessorApplicationTests     : No active profile set, falling back to 1 default profile: "default"
2025-02-02T20:52:56.958-08:00  INFO 36012 --- [receipt-processor] [restartedMain] o.s.b.w.embedded.tomcat.TomcatWebServer  : Tomcat initialized with port 8080 (http)
2025-02-02T20:52:56.964-08:00  INFO 36012 --- [receipt-processor] [restartedMain] o.apache.catalina.core.StandardService   : Starting service [Tomcat]
2025-02-02T20:52:56.965-08:00  INFO 36012 --- [receipt-processor] [restartedMain] o.apache.catalina.core.StandardEngine    : Starting Servlet engine: [Apache Tomcat/10.1.34]
2025-02-02T20:52:56.983-08:00  INFO 36012 --- [receipt-processor] [restartedMain] o.a.c.c.C.[Tomcat].[localhost].[/]       : Initializing Spring embedded WebApplicationContext
2025-02-02T20:52:56.983-08:00  INFO 36012 --- [receipt-processor] [restartedMain] w.s.c.ServletWebServerApplicationContext : Root WebApplicationContext: initialization completed in 414 ms
2025-02-02T20:52:57.104-08:00  INFO 36012 --- [receipt-processor] [restartedMain] o.s.b.d.a.OptionalLiveReloadServer       : LiveReload server is running on port 35729
2025-02-02T20:52:57.116-08:00  INFO 36012 --- [receipt-processor] [restartedMain] o.s.b.w.embedded.tomcat.TomcatWebServer  : Tomcat started on port 8080 (http) with context path '/'
2025-02-02T20:52:57.121-08:00  INFO 36012 --- [receipt-processor] [restartedMain] c.r.ReceiptProcessorApplication          : Started ReceiptProcessorApplication in 0.812 seconds (process running for 4519.895)
2025-02-02T20:52:57.125-08:00  INFO 36012 --- [receipt-processor] [restartedMain] .ConditionEvaluationDeltaLoggingListener : Condition evaluation unchanged
2025-02-02T20:52:57.188-08:00  INFO 37744 --- [receipt-processor] [main] c.r.ReceiptProcessorApplicationTests     : Started ReceiptProcessorApplicationTests in 0.787 seconds (process running for 1.809)
2025-02-02T20:57:23.146-08:00  INFO 36012 --- [receipt-processor] [File Watcher] rtingClassPathChangeChangedEventListener : Restarting due to 8 class path changes (0 additions, 0 deletions, 8 modifications)
2025-02-02T20:57:23.152-08:00  INFO 36012 --- [receipt-processor] [Thread-59] o.s.b.w.e.tomcat.GracefulShutdown        : Commencing graceful shutdown. Waiting for active requests to complete
2025-02-02T20:57:23.159-08:00  INFO 36012 --- [receipt-processor] [tomcat-shutdown] o.s.b.w.e.tomcat.GracefulShutdown        : Graceful shutdown complete
2025-02-02T20:57:23.634-08:00  INFO 36012 --- [receipt-processor] [restartedMain] c.r.ReceiptProcessorApplication          : Starting ReceiptProcessorApplication using Java 21.0.3 with PID 36012 (/Users/mayankchoudhary/Desktop/receipt-processor/target/classes started by mayankchoudhary in /Users/mayankchoudhary/Desktop/receipt-processor)
2025-02-02T20:57:23.641-08:00 DEBUG 36012 --- [receipt-processor] [restartedMain] c.r.ReceiptProcessorApplication          : Running with Spring Boot v3.4.2, Spring v6.2.2
2025-02-02T20:57:23.642-08:00  INFO 36012 --- [receipt-processor] [restartedMain] c.r.ReceiptProcessorApplication          : No active profile set, falling back to 1 default profile: "default"
2025-02-02T20:57:23.792-08:00  INFO 37846 --- [receipt-processor] [main] c.r.ReceiptProcessorApplicationTests     : Starting ReceiptProcessorApplicationTests using Java 22.0.2 with PID 37846 (started by mayankchoudhary in /Users/mayankchoudhary/Desktop/receipt-processor)
2025-02-02T20:57:23.793-08:00 DEBUG 37846 --- [receipt-processor] [main] c.r.ReceiptProcessorApplicationTests     : Running with Spring Boot v3.4.2, Spring v6.2.2
2025-02-02T20:57:23.793-08:00  INFO 37846 --- [receipt-processor] [main] c.r.ReceiptProcessorApplicationTests     : No active profile set, falling back to 1 default profile: "default"
2025-02-02T20:57:24.104-08:00  INFO 36012 --- [receipt-processor] [restartedMain] o.s.b.w.embedded.tomcat.TomcatWebServer  : Tomcat initialized with port 8080 (http)
2025-02-02T20:57:24.111-08:00  INFO 36012 --- [receipt-processor] [restartedMain] o.apache.catalina.core.StandardService   : Starting service [Tomcat]
2025-02-02T20:57:24.111-08:00  INFO 36012 --- [receipt-processor] [restartedMain] o.apache.catalina.core.StandardEngine    : Starting Servlet engine: [Apache Tomcat/10.1.34]
2025-02-02T20:57:24.129-08:00  INFO 36012 --- [receipt-processor] [restartedMain] o.a.c.c.C.[Tomcat].[localhost].[/]       : Initializing Spring embedded WebApplicationContext
2025-02-02T20:57:24.130-08:00  INFO 36012 --- [receipt-processor] [restartedMain] w.s.c.ServletWebServerApplicationContext : Root WebApplicationContext: initialization completed in 470 ms
2025-02-02T20:57:24.243-08:00  INFO 36012 --- [receipt-processor] [restartedMain] o.s.b.d.a.OptionalLiveReloadServer       : LiveReload server is running on port 35729
2025-02-02T20:57:24.255-08:00  INFO 36012 --- [receipt-processor] [restartedMain] o.s.b.w.embedded.tomcat.TomcatWebServer  : Tomcat started on port 8080 (http) with context path '/'
2025-02-02T20:57:24.260-08:00  INFO 36012 --- [receipt-processor] [restartedMain] c.r.ReceiptProcessorApplication          : Started ReceiptProcessorApplication in 0.856 seconds (process running for 4787.033)
2025-02-02T20:57:24.261-08:00  INFO 36012 --- [receipt-processor] [restartedMain] .ConditionEvaluationDeltaLoggingListener : Condition evaluation unchanged
2025-02-02T20:57:24.310-08:00  INFO 37846 --- [receipt-processor] [main] c.r.ReceiptProcessorApplicationTests     : Started ReceiptProcessorApplicationTests in 0.707 seconds (process running for 1.676)
2025-02-02T20:59:51.117-08:00  INFO 36012 --- [receipt-processor] [File Watcher] rtingClassPathChangeChangedEventListener : Restarting due to 3 class path changes (3 additions, 0 deletions, 0 modifications)
2025-02-02T20:59:51.126-08:00  INFO 36012 --- [receipt-processor] [Thread-63] o.s.b.w.e.tomcat.GracefulShutdown        : Commencing graceful shutdown. Waiting for active requests to complete
2025-02-02T20:59:51.136-08:00  INFO 36012 --- [receipt-processor] [tomcat-shutdown] o.s.b.w.e.tomcat.GracefulShutdown        : Graceful shutdown complete
2025-02-02T20:59:51.599-08:00  INFO 36012 --- [receipt-processor] [restartedMain] c.r.ReceiptProcessorApplication          : Starting ReceiptProcessorApplication using Java 21.0.3 with PID 36012 (/Users/mayankchoudhary/Desktop/receipt-processor/target/classes started by mayankchoudhary in /Users/mayankchoudhary/Desktop/receipt-processor)
2025-02-02T20:59:51.605-08:00 DEBUG 36012 --- [receipt-processor] [restartedMain] c.r.ReceiptProcessorApplication          : Running with Spring Boot v3.4.2, Spring v6.2.2
2025-02-02T20:59:51.605-08:00  INFO 36012 --- [receipt-processor] [restartedMain] c.r.ReceiptProcessorApplication          : No active profile set, falling back to 1 default profile: "default"
2025-02-02T20:59:51.949-08:00  INFO 36012 --- [receipt-processor] [restartedMain] o.s.b.w.embedded.tomcat.TomcatWebServer  : Tomcat initialized with port 8080 (http)
2025-02-02T20:59:51.955-08:00  INFO 36012 --- [receipt-processor] [restartedMain] o.apache.catalina.core.StandardService   : Starting service [Tomcat]
2025-02-02T20:59:51.955-08:00  INFO 36012 --- [receipt-processor] [restartedMain] o.apache.catalina.core.StandardEngine    : Starting Servlet engine: [Apache Tomcat/10.1.34]
2025-02-02T20:59:51.974-08:00  INFO 36012 --- [receipt-processor] [restartedMain] o.a.c.c.C.[Tomcat].[localhost].[/]       : Initializing Spring embedded WebApplicationContext
2025-02-02T20:59:51.975-08:00  INFO 36012 --- [receipt-processor] [restartedMain] w.s.c.ServletWebServerApplicationContext : Root WebApplicationContext: initialization completed in 352 ms
2025-02-02T20:59:52.081-08:00  INFO 36012 --- [receipt-processor] [restartedMain] o.s.b.d.a.OptionalLiveReloadServer       : LiveReload server is running on port 35729
2025-02-02T20:59:52.093-08:00  INFO 36012 --- [receipt-processor] [restartedMain] o.s.b.w.embedded.tomcat.TomcatWebServer  : Tomcat started on port 8080 (http) with context path '/'
2025-02-02T20:59:52.098-08:00  INFO 36012 --- [receipt-processor] [restartedMain] c.r.ReceiptProcessorApplication          : Started ReceiptProcessorApplication in 0.72 seconds (process running for 4934.871)
2025-02-02T20:59:52.100-08:00  INFO 36012 --- [receipt-processor] [restartedMain] .ConditionEvaluationDeltaLoggingListener : Condition evaluation unchanged
2025-02-02T20:59:58.589-08:00  INFO 36012 --- [receipt-processor] [File Watcher] rtingClassPathChangeChangedEventListener : Restarting due to 11 class path changes (0 additions, 3 deletions, 8 modifications)
2025-02-02T20:59:58.596-08:00  INFO 36012 --- [receipt-processor] [Thread-67] o.s.b.w.e.tomcat.GracefulShutdown        : Commencing graceful shutdown. Waiting for active requests to complete
2025-02-02T20:59:58.603-08:00  INFO 36012 --- [receipt-processor] [tomcat-shutdown] o.s.b.w.e.tomcat.GracefulShutdown        : Graceful shutdown complete
2025-02-02T20:59:59.003-08:00  INFO 36012 --- [receipt-processor] [restartedMain] c.r.ReceiptProcessorApplication          : Starting ReceiptProcessorApplication using Java 21.0.3 with PID 36012 (/Users/mayankchoudhary/Desktop/receipt-processor/target/classes started by mayankchoudhary in /Users/mayankchoudhary/Desktop/receipt-processor)
2025-02-02T20:59:59.010-08:00 DEBUG 36012 --- [receipt-processor] [restartedMain] c.r.ReceiptProcessorApplication          : Running with Spring Boot v3.4.2, Spring v6.2.2
2025-02-02T20:59:59.010-08:00  INFO 36012 --- [receipt-processor] [restartedMain] c.r.ReceiptProcessorApplication          : No active profile set, falling back to 1 default profile: "default"
2025-02-02T20:59:59.103-08:00  INFO 37903 --- [receipt-processor] [main] c.r.ReceiptProcessorApplicationTests     : Starting ReceiptProcessorApplicationTests using Java 22.0.2 with PID 37903 (started by mayankchoudhary in /Users/mayankchoudhary/Desktop/receipt-processor)
2025-02-02T20:59:59.104-08:00 DEBUG 37903 --- [receipt-processor] [main] c.r.ReceiptProcessorApplicationTests     : Running with Spring Boot v3.4.2, Spring v6.2.2
2025-02-02T20:59:59.104-08:00  INFO 37903 --- [receipt-processor] [main] c.r.ReceiptProcessorApplicationTests     : No active profile set, falling back to 1 default profile: "default"
2025-02-02T20:59:59.370-08:00  INFO 36012 --- [receipt-processor] [restartedMain] o.s.b.w.embedded.tomcat.TomcatWebServer  : Tomcat initialized with port 8080 (http)
2025-02-02T20:59:59.377-08:00  INFO 36012 --- [receipt-processor] [restartedMain] o.apache.catalina.core.StandardService   : Starting service [Tomcat]
2025-02-02T20:59:59.377-08:00  INFO 36012 --- [receipt-processor] [restartedMain] o.apache.catalina.core.StandardEngine    : Starting Servlet engine: [Apache Tomcat/10.1.34]
2025-02-02T20:59:59.394-08:00  INFO 36012 --- [receipt-processor] [restartedMain] o.a.c.c.C.[Tomcat].[localhost].[/]       : Initializing Spring embedded WebApplicationContext
2025-02-02T20:59:59.395-08:00  INFO 36012 --- [receipt-processor] [restartedMain] w.s.c.ServletWebServerApplicationContext : Root WebApplicationContext: initialization completed in 364 ms
2025-02-02T20:59:59.503-08:00  INFO 36012 --- [receipt-processor] [restartedMain] o.s.b.d.a.OptionalLiveReloadServer       : LiveReload server is running on port 35729
2025-02-02T20:59:59.516-08:00  INFO 36012 --- [receipt-processor] [restartedMain] o.s.b.w.embedded.tomcat.TomcatWebServer  : Tomcat started on port 8080 (http) with context path '/'
2025-02-02T20:59:59.521-08:00  INFO 36012 --- [receipt-processor] [restartedMain] c.r.ReceiptProcessorApplication          : Started ReceiptProcessorApplication in 0.748 seconds (process running for 4942.294)
2025-02-02T20:59:59.524-08:00  INFO 36012 --- [receipt-processor] [restartedMain] .ConditionEvaluationDeltaLoggingListener : Condition evaluation unchanged
2025-02-02T20:59:59.619-08:00  INFO 37903 --- [receipt-processor] [main] c.r.ReceiptProcessorApplicationTests     : Started ReceiptProcessorApplicationTests in 0.703 seconds (process running for 1.622)
2025-02-02T21:02:08.595-08:00  INFO 36012 --- [receipt-processor] [File Watcher] rtingClassPathChangeChangedEventListener : Restarting due to 8 class path changes (0 additions, 0 deletions, 8 modifications)
2025-02-02T21:02:08.617-08:00  INFO 36012 --- [receipt-processor] [Thread-71] o.s.b.w.e.tomcat.GracefulShutdown        : Commencing graceful shutdown. Waiting for active requests to complete
2025-02-02T21:02:08.629-08:00  INFO 36012 --- [receipt-processor] [tomcat-shutdown] o.s.b.w.e.tomcat.GracefulShutdown        : Graceful shutdown complete
2025-02-02T21:02:08.981-08:00  INFO 37975 --- [receipt-processor] [main] c.r.ReceiptProcessorApplicationTests     : Starting ReceiptProcessorApplicationTests using Java 22.0.2 with PID 37975 (started by mayankchoudhary in /Users/mayankchoudhary/Desktop/receipt-processor)
2025-02-02T21:02:08.982-08:00 DEBUG 37975 --- [receipt-processor] [main] c.r.ReceiptProcessorApplicationTests     : Running with Spring Boot v3.4.2, Spring v6.2.2
2025-02-02T21:02:08.982-08:00  INFO 37975 --- [receipt-processor] [main] c.r.ReceiptProcessorApplicationTests     : No active profile set, falling back to 1 default profile: "default"
2025-02-02T21:02:09.117-08:00  INFO 36012 --- [receipt-processor] [restartedMain] c.r.ReceiptProcessorApplication          : Starting ReceiptProcessorApplication using Java 21.0.3 with PID 36012 (/Users/mayankchoudhary/Desktop/receipt-processor/target/classes started by mayankchoudhary in /Users/mayankchoudhary/Desktop/receipt-processor)
2025-02-02T21:02:09.124-08:00 DEBUG 36012 --- [receipt-processor] [restartedMain] c.r.ReceiptProcessorApplication          : Running with Spring Boot v3.4.2, Spring v6.2.2
2025-02-02T21:02:09.124-08:00  INFO 36012 --- [receipt-processor] [restartedMain] c.r.ReceiptProcessorApplication          : No active profile set, falling back to 1 default profile: "default"
2025-02-02T21:02:09.504-08:00  INFO 37975 --- [receipt-processor] [main] c.r.ReceiptProcessorApplicationTests     : Started ReceiptProcessorApplicationTests in 0.713 seconds (process running for 1.688)
2025-02-02T21:02:09.504-08:00  INFO 36012 --- [receipt-processor] [restartedMain] o.s.b.w.embedded.tomcat.TomcatWebServer  : Tomcat initialized with port 8080 (http)
2025-02-02T21:02:09.510-08:00  INFO 36012 --- [receipt-processor] [restartedMain] o.apache.catalina.core.StandardService   : Starting service [Tomcat]
2025-02-02T21:02:09.511-08:00  INFO 36012 --- [receipt-processor] [restartedMain] o.apache.catalina.core.StandardEngine    : Starting Servlet engine: [Apache Tomcat/10.1.34]
2025-02-02T21:02:09.530-08:00  INFO 36012 --- [receipt-processor] [restartedMain] o.a.c.c.C.[Tomcat].[localhost].[/]       : Initializing Spring embedded WebApplicationContext
2025-02-02T21:02:09.530-08:00  INFO 36012 --- [receipt-processor] [restartedMain] w.s.c.ServletWebServerApplicationContext : Root WebApplicationContext: initialization completed in 386 ms
2025-02-02T21:02:09.686-08:00  INFO 36012 --- [receipt-processor] [restartedMain] o.s.b.d.a.OptionalLiveReloadServer       : LiveReload server is running on port 35729
2025-02-02T21:02:09.698-08:00  INFO 36012 --- [receipt-processor] [restartedMain] o.s.b.w.embedded.tomcat.TomcatWebServer  : Tomcat started on port 8080 (http) with context path '/'
2025-02-02T21:02:09.704-08:00  INFO 36012 --- [receipt-processor] [restartedMain] c.r.ReceiptProcessorApplication          : Started ReceiptProcessorApplication in 0.832 seconds (process running for 5072.476)
2025-02-02T21:02:09.705-08:00  INFO 36012 --- [receipt-processor] [restartedMain] .ConditionEvaluationDeltaLoggingListener : Condition evaluation unchanged
2025-02-02T21:03:44.325-08:00  INFO 36012 --- [receipt-processor] [RMI TCP Connection(153)-127.0.0.1] inMXBeanRegistrar$SpringApplicationAdmin : Application shutdown requested.
2025-02-02T21:03:44.336-08:00  INFO 36012 --- [receipt-processor] [RMI TCP Connection(153)-127.0.0.1] o.s.b.w.e.tomcat.GracefulShutdown        : Commencing graceful shutdown. Waiting for active requests to complete
2025-02-02T21:03:44.350-08:00  INFO 36012 --- [receipt-processor] [tomcat-shutdown] o.s.b.w.e.tomcat.GracefulShutdown        : Graceful shutdown complete
